app/build/intermediates/manifest_merge_blame_file/debug/manifest-merger-blame-debug-report.txt
1<?xml version="1.0" encoding="utf-8"?>
2<manifest xmlns:android="http://schemas.android.com/apk/res/android"
3    package="com.izza.daftartemaan"
4    android:versionCode="1"
5    android:versionName="1.0" >
6
7    <uses-sdk
8        android:minSdkVersion="21"
8-->src\main\AndroidManifest.xml
9        android:targetSdkVersion="31" />
9-->src\main\AndroidManifest.xml
10
11    <uses-permission android:name="android.permission.ACCESS_NETWORK_STATE" />
11-->[com.firebaseui:firebase-ui-auth:7.2.0] AndroidManifest.xml:12:5-79
11-->[com.firebaseui:firebase-ui-auth:7.2.0] AndroidManifest.xml:12:22-76
12    <uses-permission android:name="android.permission.INTERNET" />
12-->[com.firebaseui:firebase-ui-auth:7.2.0] AndroidManifest.xml:13:5-67
12-->[com.firebaseui:firebase-ui-auth:7.2.0] AndroidManifest.xml:13:22-64
13
14    <application
14-->src\main\AndroidManifest.xml:5:5-30:19
15        android:allowBackup="true"
15-->src\main\AndroidManifest.xml:6:9-35
16        android:appComponentFactory="androidx.core.app.CoreComponentFactory"
16-->[androidx.core:core:1.7.0] AndroidManifest.xml:24:18-86
17        android:debuggable="true"
18        android:icon="@mipmap/ic_launcher"
18-->src\main\AndroidManifest.xml:7:9-43
19        android:label="@string/app_name"
19-->src\main\AndroidManifest.xml:8:9-41
20        android:roundIcon="@mipmap/ic_launcher_round"
20-->src\main\AndroidManifest.xml:9:9-54
21        android:supportsRtl="true"
21-->src\main\AndroidManifest.xml:10:9-35
22        android:testOnly="true"
23        android:theme="@style/Theme.DaftarTemaan" >
23-->src\main\AndroidManifest.xml:11:9-50
24        <activity
24-->src\main\AndroidManifest.xml:12:9-14:39
25            android:name="com.izza.daftartemaan.UpdateData"
25-->src\main\AndroidManifest.xml:13:13-39
26            android:exported="true" />
26-->src\main\AndroidManifest.xml:14:13-36
27        <activity
27-->src\main\AndroidManifest.xml:15:9-17:39
28            android:name="com.izza.daftartemaan.MyListData"
28-->src\main\AndroidManifest.xml:16:13-39
29            android:exported="true" />
29-->src\main\AndroidManifest.xml:17:13-36
30        <activity
30-->src\main\AndroidManifest.xml:18:9-20:39
31            android:name="com.izza.daftartemaan.LoginActivity"
31-->src\main\AndroidManifest.xml:19:13-42
32            android:exported="true" />
32-->src\main\AndroidManifest.xml:20:13-36
33        <activity
33-->src\main\AndroidManifest.xml:21:9-29:20
34            android:name="com.izza.daftartemaan.MainActivity"
34-->src\main\AndroidManifest.xml:22:13-41
35            android:exported="true" >
35-->src\main\AndroidManifest.xml:23:13-36
36            <intent-filter>
36-->src\main\AndroidManifest.xml:24:13-28:29
37                <action android:name="android.intent.action.MAIN" />
37-->src\main\AndroidManifest.xml:25:17-69
37-->src\main\AndroidManifest.xml:25:25-66
38
39                <category android:name="android.intent.category.LAUNCHER" />
39-->src\main\AndroidManifest.xml:27:17-77
39-->src\main\AndroidManifest.xml:27:27-74
40            </intent-filter>
41        </activity>
42
43        <meta-data
43-->[com.firebaseui:firebase-ui-auth:7.2.0] AndroidManifest.xml:16:9-18:69
44            android:name="com.google.android.gms.version"
44-->[com.firebaseui:firebase-ui-auth:7.2.0] AndroidManifest.xml:17:13-58
45            android:value="@integer/google_play_services_version" />
45-->[com.firebaseui:firebase-ui-auth:7.2.0] AndroidManifest.xml:18:13-66
46        <meta-data
46-->[com.firebaseui:firebase-ui-auth:7.2.0] AndroidManifest.xml:19:9-21:63
47            android:name="com.facebook.sdk.ApplicationId"
47-->[com.firebaseui:firebase-ui-auth:7.2.0] AndroidManifest.xml:20:13-58
48            android:value="@string/facebook_application_id" />
48-->[com.firebaseui:firebase-ui-auth:7.2.0] AndroidManifest.xml:21:13-60
49
50        <activity
50-->[com.firebaseui:firebase-ui-auth:7.2.0] AndroidManifest.xml:23:9-27:61
51            android:name="com.firebase.ui.auth.KickoffActivity"
51-->[com.firebaseui:firebase-ui-auth:7.2.0] AndroidManifest.xml:24:13-64
52            android:exported="false"
52-->[com.firebaseui:firebase-ui-auth:7.2.0] AndroidManifest.xml:25:13-37
53            android:label=""
53-->[com.firebaseui:firebase-ui-auth:7.2.0] AndroidManifest.xml:26:13-29
54            android:theme="@style/FirebaseUI.Transparent" />
54-->[com.firebaseui:firebase-ui-auth:7.2.0] AndroidManifest.xml:27:13-58
55        <activity
55-->[com.firebaseui:firebase-ui-auth:7.2.0] AndroidManifest.xml:28:9-32:61
56            android:name="com.firebase.ui.auth.ui.idp.SingleSignInActivity"
56-->[com.firebaseui:firebase-ui-auth:7.2.0] AndroidManifest.xml:29:13-76
57            android:exported="false"
57-->[com.firebaseui:firebase-ui-auth:7.2.0] AndroidManifest.xml:30:13-37
58            android:label=""
58-->[com.firebaseui:firebase-ui-auth:7.2.0] AndroidManifest.xml:31:13-29
59            android:theme="@style/FirebaseUI.Transparent" />
59-->[com.firebaseui:firebase-ui-auth:7.2.0] AndroidManifest.xml:32:13-58
60        <activity
60-->[com.firebaseui:firebase-ui-auth:7.2.0] AndroidManifest.xml:33:9-37:61
61            android:name="com.firebase.ui.auth.ui.credentials.CredentialSaveActivity"
61-->[com.firebaseui:firebase-ui-auth:7.2.0] AndroidManifest.xml:34:13-86
62            android:exported="false"
62-->[com.firebaseui:firebase-ui-auth:7.2.0] AndroidManifest.xml:35:13-37
63            android:label=""
63-->[com.firebaseui:firebase-ui-auth:7.2.0] AndroidManifest.xml:36:13-29
64            android:theme="@style/FirebaseUI.Transparent" />
64-->[com.firebaseui:firebase-ui-auth:7.2.0] AndroidManifest.xml:37:13-58
65        <activity
65-->[com.firebaseui:firebase-ui-auth:7.2.0] AndroidManifest.xml:38:9-42:58
66            android:name="com.firebase.ui.auth.ui.email.RecoverPasswordActivity"
66-->[com.firebaseui:firebase-ui-auth:7.2.0] AndroidManifest.xml:39:13-81
67            android:exported="false"
67-->[com.firebaseui:firebase-ui-auth:7.2.0] AndroidManifest.xml:40:13-37
68            android:label="@string/fui_title_recover_password_activity"
68-->[com.firebaseui:firebase-ui-auth:7.2.0] AndroidManifest.xml:41:13-72
69            android:windowSoftInputMode="adjustResize" />
69-->[com.firebaseui:firebase-ui-auth:7.2.0] AndroidManifest.xml:42:13-55
70        <activity
70-->[com.firebaseui:firebase-ui-auth:7.2.0] AndroidManifest.xml:43:9-47:58
71            android:name="com.firebase.ui.auth.ui.email.EmailActivity"
71-->[com.firebaseui:firebase-ui-auth:7.2.0] AndroidManifest.xml:44:13-71
72            android:exported="false"
72-->[com.firebaseui:firebase-ui-auth:7.2.0] AndroidManifest.xml:45:13-37
73            android:label="@string/fui_sign_in_default"
73-->[com.firebaseui:firebase-ui-auth:7.2.0] AndroidManifest.xml:46:13-56
74            android:windowSoftInputMode="adjustResize" />
74-->[com.firebaseui:firebase-ui-auth:7.2.0] AndroidManifest.xml:47:13-55
75        <activity
75-->[com.firebaseui:firebase-ui-auth:7.2.0] AndroidManifest.xml:48:9-52:77
76            android:name="com.firebase.ui.auth.ui.phone.PhoneActivity"
76-->[com.firebaseui:firebase-ui-auth:7.2.0] AndroidManifest.xml:49:13-71
77            android:exported="false"
77-->[com.firebaseui:firebase-ui-auth:7.2.0] AndroidManifest.xml:50:13-37
78            android:label="@string/fui_sign_in_with_phone_number"
78-->[com.firebaseui:firebase-ui-auth:7.2.0] AndroidManifest.xml:51:13-66
79            android:windowSoftInputMode="adjustResize|stateAlwaysVisible" />
79-->[com.firebaseui:firebase-ui-auth:7.2.0] AndroidManifest.xml:52:13-74
80        <activity
80-->[com.firebaseui:firebase-ui-auth:7.2.0] AndroidManifest.xml:53:9-57:58
81            android:name="com.firebase.ui.auth.ui.idp.WelcomeBackIdpPrompt"
81-->[com.firebaseui:firebase-ui-auth:7.2.0] AndroidManifest.xml:54:13-76
82            android:exported="false"
82-->[com.firebaseui:firebase-ui-auth:7.2.0] AndroidManifest.xml:55:13-37
83            android:label="@string/fui_title_welcome_back_idp_prompt"
83-->[com.firebaseui:firebase-ui-auth:7.2.0] AndroidManifest.xml:56:13-70
84            android:windowSoftInputMode="adjustResize" />
84-->[com.firebaseui:firebase-ui-auth:7.2.0] AndroidManifest.xml:57:13-55
85        <activity
85-->[com.firebaseui:firebase-ui-auth:7.2.0] AndroidManifest.xml:58:9-62:58
86            android:name="com.firebase.ui.auth.ui.email.WelcomeBackPasswordPrompt"
86-->[com.firebaseui:firebase-ui-auth:7.2.0] AndroidManifest.xml:59:13-83
87            android:exported="false"
87-->[com.firebaseui:firebase-ui-auth:7.2.0] AndroidManifest.xml:60:13-37
88            android:label="@string/fui_title_welcome_back_password_prompt"
88-->[com.firebaseui:firebase-ui-auth:7.2.0] AndroidManifest.xml:61:13-75
89            android:windowSoftInputMode="adjustResize" />
89-->[com.firebaseui:firebase-ui-auth:7.2.0] AndroidManifest.xml:62:13-55
90        <activity
90-->[com.firebaseui:firebase-ui-auth:7.2.0] AndroidManifest.xml:63:9-67:58
91            android:name="com.firebase.ui.auth.ui.email.WelcomeBackEmailLinkPrompt"
91-->[com.firebaseui:firebase-ui-auth:7.2.0] AndroidManifest.xml:64:13-84
92            android:exported="false"
92-->[com.firebaseui:firebase-ui-auth:7.2.0] AndroidManifest.xml:65:13-37
93            android:label="@string/fui_title_welcome_back_password_prompt"
93-->[com.firebaseui:firebase-ui-auth:7.2.0] AndroidManifest.xml:66:13-75
94            android:windowSoftInputMode="adjustResize" />
94-->[com.firebaseui:firebase-ui-auth:7.2.0] AndroidManifest.xml:67:13-55
95        <activity
95-->[com.firebaseui:firebase-ui-auth:7.2.0] AndroidManifest.xml:68:9-73:58
96            android:name="com.firebase.ui.auth.ui.email.EmailLinkCatcherActivity"
96-->[com.firebaseui:firebase-ui-auth:7.2.0] AndroidManifest.xml:69:13-82
97            android:exported="false"
97-->[com.firebaseui:firebase-ui-auth:7.2.0] AndroidManifest.xml:70:13-37
98            android:label=""
98-->[com.firebaseui:firebase-ui-auth:7.2.0] AndroidManifest.xml:71:13-29
99            android:theme="@style/FirebaseUI.Transparent"
99-->[com.firebaseui:firebase-ui-auth:7.2.0] AndroidManifest.xml:72:13-58
100            android:windowSoftInputMode="adjustResize" />
100-->[com.firebaseui:firebase-ui-auth:7.2.0] AndroidManifest.xml:73:13-55
101        <activity
101-->[com.firebaseui:firebase-ui-auth:7.2.0] AndroidManifest.xml:74:9-78:58
102            android:name="com.firebase.ui.auth.ui.email.EmailLinkErrorRecoveryActivity"
102-->[com.firebaseui:firebase-ui-auth:7.2.0] AndroidManifest.xml:75:13-88
103            android:exported="false"
103-->[com.firebaseui:firebase-ui-auth:7.2.0] AndroidManifest.xml:76:13-37
104            android:label="@string/fui_sign_in_default"
104-->[com.firebaseui:firebase-ui-auth:7.2.0] AndroidManifest.xml:77:13-56
105            android:windowSoftInputMode="adjustResize" />
105-->[com.firebaseui:firebase-ui-auth:7.2.0] AndroidManifest.xml:78:13-55
106        <activity
106-->[com.firebaseui:firebase-ui-auth:7.2.0] AndroidManifest.xml:79:9-82:65
107            android:name="com.firebase.ui.auth.ui.idp.AuthMethodPickerActivity"
107-->[com.firebaseui:firebase-ui-auth:7.2.0] AndroidManifest.xml:80:13-80
108            android:exported="false"
108-->[com.firebaseui:firebase-ui-auth:7.2.0] AndroidManifest.xml:81:13-37
109            android:label="@string/fui_default_toolbar_title" />
109-->[com.firebaseui:firebase-ui-auth:7.2.0] AndroidManifest.xml:82:13-62
110        <activity
110-->[com.firebaseui:firebase-ui-auth:7.2.0] AndroidManifest.xml:83:9-87:48
111            android:name="com.facebook.FacebookActivity"
111-->[com.firebaseui:firebase-ui-auth:7.2.0] AndroidManifest.xml:84:13-57
112            android:configChanges="keyboard|keyboardHidden|screenLayout|screenSize|orientation"
112-->[com.firebaseui:firebase-ui-auth:7.2.0] AndroidManifest.xml:85:13-96
113            android:label="@string/app_name" />
113-->[com.firebaseui:firebase-ui-auth:7.2.0] AndroidManifest.xml:86:13-45
114        <activity
114-->[com.firebaseui:firebase-ui-auth:7.2.0] AndroidManifest.xml:88:9-100:20
115            android:name="com.facebook.CustomTabActivity"
115-->[com.firebaseui:firebase-ui-auth:7.2.0] AndroidManifest.xml:89:13-58
116            android:exported="true" >
116-->[com.firebaseui:firebase-ui-auth:7.2.0] AndroidManifest.xml:90:13-36
117            <intent-filter>
117-->[com.firebaseui:firebase-ui-auth:7.2.0] AndroidManifest.xml:92:13-99:29
118                <action android:name="android.intent.action.VIEW" />
118-->[com.firebaseui:firebase-ui-auth:7.2.0] AndroidManifest.xml:93:17-69
118-->[com.firebaseui:firebase-ui-auth:7.2.0] AndroidManifest.xml:93:25-66
119
120                <category android:name="android.intent.category.DEFAULT" />
120-->[com.firebaseui:firebase-ui-auth:7.2.0] AndroidManifest.xml:95:17-76
120-->[com.firebaseui:firebase-ui-auth:7.2.0] AndroidManifest.xml:95:27-73
121                <category android:name="android.intent.category.BROWSABLE" />
121-->[com.firebaseui:firebase-ui-auth:7.2.0] AndroidManifest.xml:96:17-78
121-->[com.firebaseui:firebase-ui-auth:7.2.0] AndroidManifest.xml:96:27-75
122
123                <data android:scheme="@string/facebook_login_protocol_scheme" />
123-->[com.firebaseui:firebase-ui-auth:7.2.0] AndroidManifest.xml:98:17-81
123-->[com.firebaseui:firebase-ui-auth:7.2.0] AndroidManifest.xml:98:23-78
124            </intent-filter>
125        </activity>
126
127        <provider
127-->[com.firebaseui:firebase-ui-auth:7.2.0] AndroidManifest.xml:102:9-106:38
128            android:name="com.firebase.ui.auth.data.client.AuthUiInitProvider"
128-->[com.firebaseui:firebase-ui-auth:7.2.0] AndroidManifest.xml:103:13-79
129            android:authorities="com.izza.daftartemaan.authuiinitprovider"
129-->[com.firebaseui:firebase-ui-auth:7.2.0] AndroidManifest.xml:104:13-70
130            android:exported="false"
130-->[com.firebaseui:firebase-ui-auth:7.2.0] AndroidManifest.xml:105:13-37
131            android:initOrder="90" />
131-->[com.firebaseui:firebase-ui-auth:7.2.0] AndroidManifest.xml:106:13-35
132
133        <activity
133-->[com.google.firebase:firebase-auth:20.0.3] AndroidManifest.xml:27:9-44:20
134            android:name="com.google.firebase.auth.internal.GenericIdpActivity"
134-->[com.google.firebase:firebase-auth:20.0.3] AndroidManifest.xml:28:13-80
135            android:excludeFromRecents="true"
135-->[com.google.firebase:firebase-auth:20.0.3] AndroidManifest.xml:29:13-46
136            android:exported="true"
136-->[com.google.firebase:firebase-auth:20.0.3] AndroidManifest.xml:30:13-36
137            android:launchMode="singleTask"
137-->[com.google.firebase:firebase-auth:20.0.3] AndroidManifest.xml:31:13-44
138            android:theme="@android:style/Theme.Translucent.NoTitleBar" >
138-->[com.google.firebase:firebase-auth:20.0.3] AndroidManifest.xml:32:13-72
139            <intent-filter>
139-->[com.google.firebase:firebase-auth:20.0.3] AndroidManifest.xml:33:13-43:29
140                <action android:name="android.intent.action.VIEW" />
140-->[com.firebaseui:firebase-ui-auth:7.2.0] AndroidManifest.xml:93:17-69
140-->[com.firebaseui:firebase-ui-auth:7.2.0] AndroidManifest.xml:93:25-66
141
142                <category android:name="android.intent.category.DEFAULT" />
142-->[com.firebaseui:firebase-ui-auth:7.2.0] AndroidManifest.xml:95:17-76
142-->[com.firebaseui:firebase-ui-auth:7.2.0] AndroidManifest.xml:95:27-73
143                <category android:name="android.intent.category.BROWSABLE" />
143-->[com.firebaseui:firebase-ui-auth:7.2.0] AndroidManifest.xml:96:17-78
143-->[com.firebaseui:firebase-ui-auth:7.2.0] AndroidManifest.xml:96:27-75
144
145                <data
145-->[com.firebaseui:firebase-ui-auth:7.2.0] AndroidManifest.xml:98:17-81
146                    android:host="firebase.auth"
147                    android:path="/"
148                    android:scheme="genericidp" />
148-->[com.firebaseui:firebase-ui-auth:7.2.0] AndroidManifest.xml:98:23-78
149            </intent-filter>
150        </activity>
151        <activity
151-->[com.google.firebase:firebase-auth:20.0.3] AndroidManifest.xml:45:9-62:20
152            android:name="com.google.firebase.auth.internal.RecaptchaActivity"
152-->[com.google.firebase:firebase-auth:20.0.3] AndroidManifest.xml:46:13-79
153            android:excludeFromRecents="true"
153-->[com.google.firebase:firebase-auth:20.0.3] AndroidManifest.xml:47:13-46
154            android:exported="true"
154-->[com.google.firebase:firebase-auth:20.0.3] AndroidManifest.xml:48:13-36
155            android:launchMode="singleTask"
155-->[com.google.firebase:firebase-auth:20.0.3] AndroidManifest.xml:49:13-44
156            android:theme="@android:style/Theme.Translucent.NoTitleBar" >
156-->[com.google.firebase:firebase-auth:20.0.3] AndroidManifest.xml:50:13-72
157            <intent-filter>
157-->[com.google.firebase:firebase-auth:20.0.3] AndroidManifest.xml:51:13-61:29
158                <action android:name="android.intent.action.VIEW" />
158-->[com.firebaseui:firebase-ui-auth:7.2.0] AndroidManifest.xml:93:17-69
158-->[com.firebaseui:firebase-ui-auth:7.2.0] AndroidManifest.xml:93:25-66
159
160                <category android:name="android.intent.category.DEFAULT" />
160-->[com.firebaseui:firebase-ui-auth:7.2.0] AndroidManifest.xml:95:17-76
160-->[com.firebaseui:firebase-ui-auth:7.2.0] AndroidManifest.xml:95:27-73
161                <category android:name="android.intent.category.BROWSABLE" />
161-->[com.firebaseui:firebase-ui-auth:7.2.0] AndroidManifest.xml:96:17-78
161-->[com.firebaseui:firebase-ui-auth:7.2.0] AndroidManifest.xml:96:27-75
162
163                <data
163-->[com.firebaseui:firebase-ui-auth:7.2.0] AndroidManifest.xml:98:17-81
164                    android:host="firebase.auth"
165                    android:path="/"
166                    android:scheme="recaptcha" />
166-->[com.firebaseui:firebase-ui-auth:7.2.0] AndroidManifest.xml:98:23-78
167            </intent-filter>
168        </activity>
169
170        <service
170-->[com.google.firebase:firebase-auth:20.0.3] AndroidManifest.xml:64:9-73:19
171            android:name="com.google.firebase.auth.api.fallback.service.FirebaseAuthFallbackService"
171-->[com.google.firebase:firebase-auth:20.0.3] AndroidManifest.xml:65:13-101
172            android:enabled="true"
172-->[com.google.firebase:firebase-auth:20.0.3] AndroidManifest.xml:66:13-35
173            android:exported="false" >
173-->[com.google.firebase:firebase-auth:20.0.3] AndroidManifest.xml:67:13-37
174            <intent-filter>
174-->[com.google.firebase:firebase-auth:20.0.3] AndroidManifest.xml:68:13-72:29
175                <action android:name="com.google.firebase.auth.api.gms.service.START" />
175-->[com.google.firebase:firebase-auth:20.0.3] AndroidManifest.xml:69:17-89
175-->[com.google.firebase:firebase-auth:20.0.3] AndroidManifest.xml:69:25-86
176
177                <category android:name="android.intent.category.DEFAULT" />
177-->[com.firebaseui:firebase-ui-auth:7.2.0] AndroidManifest.xml:95:17-76
177-->[com.firebaseui:firebase-ui-auth:7.2.0] AndroidManifest.xml:95:27-73
178            </intent-filter>
179        </service>
180        <service
180-->[com.google.firebase:firebase-auth:20.0.3] AndroidManifest.xml:74:9-80:19
181            android:name="com.google.firebase.components.ComponentDiscoveryService"
181-->[com.google.firebase:firebase-auth:20.0.3] AndroidManifest.xml:75:13-84
182            android:directBootAware="true"
182-->[com.google.firebase:firebase-common:20.0.0] AndroidManifest.xml:35:13-43
183            android:exported="false" >
183-->[com.google.firebase:firebase-auth:20.0.3] AndroidManifest.xml:76:13-37
184            <meta-data
184-->[com.google.firebase:firebase-auth:20.0.3] AndroidManifest.xml:77:13-79:85
185                android:name="com.google.firebase.components:com.google.firebase.auth.FirebaseAuthRegistrar"
185-->[com.google.firebase:firebase-auth:20.0.3] AndroidManifest.xml:78:17-109
186                android:value="com.google.firebase.components.ComponentRegistrar" />
186-->[com.google.firebase:firebase-auth:20.0.3] AndroidManifest.xml:79:17-82
187            <meta-data
187-->[com.google.firebase:firebase-database:20.0.3] AndroidManifest.xml:32:13-34:85
188                android:name="com.google.firebase.components:com.google.firebase.database.DatabaseRegistrar"
188-->[com.google.firebase:firebase-database:20.0.3] AndroidManifest.xml:33:17-109
189                android:value="com.google.firebase.components.ComponentRegistrar" />
189-->[com.google.firebase:firebase-database:20.0.3] AndroidManifest.xml:34:17-82
190        </service>
191
192        <activity
192-->[com.google.android.gms:play-services-auth:19.0.0] AndroidManifest.xml:23:9-27:75
193            android:name="com.google.android.gms.auth.api.signin.internal.SignInHubActivity"
193-->[com.google.android.gms:play-services-auth:19.0.0] AndroidManifest.xml:24:13-93
194            android:excludeFromRecents="true"
194-->[com.google.android.gms:play-services-auth:19.0.0] AndroidManifest.xml:25:13-46
195            android:exported="false"
195-->[com.google.android.gms:play-services-auth:19.0.0] AndroidManifest.xml:26:13-37
196            android:theme="@android:style/Theme.Translucent.NoTitleBar" />
196-->[com.google.android.gms:play-services-auth:19.0.0] AndroidManifest.xml:27:13-72
197        <!--
198            Service handling Google Sign-In user revocation. For apps that do not integrate with
199            Google Sign-In, this service will never be started.
200        -->
201        <service
201-->[com.google.android.gms:play-services-auth:19.0.0] AndroidManifest.xml:33:9-37:51
202            android:name="com.google.android.gms.auth.api.signin.RevocationBoundService"
202-->[com.google.android.gms:play-services-auth:19.0.0] AndroidManifest.xml:34:13-89
203            android:exported="true"
203-->[com.google.android.gms:play-services-auth:19.0.0] AndroidManifest.xml:35:13-36
204            android:permission="com.google.android.gms.auth.api.signin.permission.REVOCATION_NOTIFICATION"
204-->[com.google.android.gms:play-services-auth:19.0.0] AndroidManifest.xml:36:13-107
205            android:visibleToInstantApps="true" />
205-->[com.google.android.gms:play-services-auth:19.0.0] AndroidManifest.xml:37:13-48
206
207        <activity
207-->[com.google.android.gms:play-services-base:17.1.0] AndroidManifest.xml:23:9-26:75
208            android:name="com.google.android.gms.common.api.GoogleApiActivity"
208-->[com.google.android.gms:play-services-base:17.1.0] AndroidManifest.xml:24:13-79
209            android:exported="false"
209-->[com.google.android.gms:play-services-base:17.1.0] AndroidManifest.xml:25:13-37
210            android:theme="@android:style/Theme.Translucent.NoTitleBar" />
210-->[com.google.android.gms:play-services-base:17.1.0] AndroidManifest.xml:26:13-72
211
212        <provider
212-->[com.google.firebase:firebase-common:20.0.0] AndroidManifest.xml:26:9-31:39
213            android:name="com.google.firebase.provider.FirebaseInitProvider"
213-->[com.google.firebase:firebase-common:20.0.0] AndroidManifest.xml:27:13-77
214            android:authorities="com.izza.daftartemaan.firebaseinitprovider"
214-->[com.google.firebase:firebase-common:20.0.0] AndroidManifest.xml:28:13-72
215            android:directBootAware="true"
215-->[com.google.firebase:firebase-common:20.0.0] AndroidManifest.xml:29:13-43
216            android:exported="false"
216-->[com.google.firebase:firebase-common:20.0.0] AndroidManifest.xml:30:13-37
217            android:initOrder="100" />
217-->[com.google.firebase:firebase-common:20.0.0] AndroidManifest.xml:31:13-36
218        <provider
218-->[androidx.emoji2:emoji2:1.0.0] AndroidManifest.xml:26:9-34:20
219            android:name="androidx.startup.InitializationProvider"
219-->[androidx.emoji2:emoji2:1.0.0] AndroidManifest.xml:27:13-67
220            android:authorities="com.izza.daftartemaan.androidx-startup"
220-->[androidx.emoji2:emoji2:1.0.0] AndroidManifest.xml:28:13-68
221            android:exported="false" >
221-->[androidx.emoji2:emoji2:1.0.0] AndroidManifest.xml:29:13-37
222            <meta-data
222-->[androidx.emoji2:emoji2:1.0.0] AndroidManifest.xml:31:13-33:52
223                android:name="androidx.emoji2.text.EmojiCompatInitializer"
223-->[androidx.emoji2:emoji2:1.0.0] AndroidManifest.xml:32:17-75
224                android:value="androidx.startup" />
224-->[androidx.emoji2:emoji2:1.0.0] AndroidManifest.xml:33:17-49
225            <meta-data
225-->[androidx.lifecycle:lifecycle-process:2.4.0] AndroidManifest.xml:31:13-33:52
226                android:name="androidx.lifecycle.ProcessLifecycleInitializer"
226-->[androidx.lifecycle:lifecycle-process:2.4.0] AndroidManifest.xml:32:17-78
227                android:value="androidx.startup" />
227-->[androidx.lifecycle:lifecycle-process:2.4.0] AndroidManifest.xml:33:17-49
228        </provider>
229    </application>
230
231</manifest>